<?xml version="1.0" encoding="UTF-8"?>
<testsuite name="maps.NetherMapTest" tests="1" skipped="0" failures="0" errors="0" timestamp="2023-01-03T23:24:17" hostname="LAPTOP-SC094PN8" time="0.019">
  <properties/>
  <testcase name="animalMoveOnMapTest()" classname="maps.NetherMapTest" time="0.019"/>
  <system-out><![CDATA[]]></system-out>
  <system-err><![CDATA[]]></system-err>
</testsuite>
